[2017-11-02 18:02:40,015] TRACE [Controller 0]: checking need to trigger partition rebalance (kafka.controller.KafkaController)
[2017-11-02 18:02:40,016] DEBUG [Controller 0]: preferred replicas by broker Map() (kafka.controller.KafkaController)
[2017-11-02 18:07:40,015] TRACE [Controller 0]: checking need to trigger partition rebalance (kafka.controller.KafkaController)
[2017-11-02 18:07:40,015] DEBUG [Controller 0]: preferred replicas by broker Map() (kafka.controller.KafkaController)
[2017-11-02 18:12:40,014] TRACE [Controller 0]: checking need to trigger partition rebalance (kafka.controller.KafkaController)
[2017-11-02 18:12:40,015] DEBUG [Controller 0]: preferred replicas by broker Map() (kafka.controller.KafkaController)
[2017-11-02 18:17:40,015] TRACE [Controller 0]: checking need to trigger partition rebalance (kafka.controller.KafkaController)
[2017-11-02 18:17:40,015] DEBUG [Controller 0]: preferred replicas by broker Map() (kafka.controller.KafkaController)
[2017-11-02 18:22:40,015] TRACE [Controller 0]: checking need to trigger partition rebalance (kafka.controller.KafkaController)
[2017-11-02 18:22:40,015] DEBUG [Controller 0]: preferred replicas by broker Map() (kafka.controller.KafkaController)
[2017-11-02 18:27:26,252] INFO [Controller 0]: Shutting down broker 0 (kafka.controller.KafkaController)
[2017-11-02 18:27:26,253] DEBUG [Controller 0]: All shutting down brokers: 0 (kafka.controller.KafkaController)
[2017-11-02 18:27:26,253] DEBUG [Controller 0]: Live brokers:  (kafka.controller.KafkaController)
[2017-11-02 18:27:26,254] TRACE [Controller 0]: All leaders =  (kafka.controller.KafkaController)
[2017-11-02 18:27:27,151] DEBUG [Controller 0]: Controller resigning, broker id 0 (kafka.controller.KafkaController)
[2017-11-02 18:27:27,152] DEBUG [Controller 0]: De-registering IsrChangeNotificationListener (kafka.controller.KafkaController)
[2017-11-02 18:27:27,157] INFO [Partition state machine on Controller 0]: Stopped partition state machine (kafka.controller.PartitionStateMachine)
[2017-11-02 18:27:27,158] INFO [Replica state machine on controller 0]: Stopped replica state machine (kafka.controller.ReplicaStateMachine)
[2017-11-02 18:27:27,163] INFO [Controller-0-to-broker-0-send-thread], Shutting down (kafka.controller.RequestSendThread)
[2017-11-02 18:27:27,163] INFO [Controller-0-to-broker-0-send-thread], Stopped  (kafka.controller.RequestSendThread)
[2017-11-02 18:27:27,163] INFO [Controller-0-to-broker-0-send-thread], Shutdown completed (kafka.controller.RequestSendThread)
[2017-11-02 18:27:27,165] INFO [Controller 0]: Broker 0 resigned as the controller (kafka.controller.KafkaController)
