[2017-11-02 18:02:35,070] INFO [Group Metadata Manager on Broker 0]: Removed 0 expired offsets in 0 milliseconds. (kafka.coordinator.GroupMetadataManager)
[2017-11-02 18:12:35,070] INFO [Group Metadata Manager on Broker 0]: Removed 0 expired offsets in 0 milliseconds. (kafka.coordinator.GroupMetadataManager)
[2017-11-02 18:22:35,070] INFO [Group Metadata Manager on Broker 0]: Removed 0 expired offsets in 0 milliseconds. (kafka.coordinator.GroupMetadataManager)
[2017-11-02 18:27:26,165] INFO [Kafka Server 0], shutting down (kafka.server.KafkaServer)
[2017-11-02 18:27:26,175] INFO [Kafka Server 0], Starting controlled shutdown (kafka.server.KafkaServer)
[2017-11-02 18:27:26,258] INFO [Kafka Server 0], Controlled shutdown succeeded (kafka.server.KafkaServer)
[2017-11-02 18:27:26,260] INFO [Socket Server on Broker 0], Shutting down (kafka.network.SocketServer)
[2017-11-02 18:27:26,276] INFO [Socket Server on Broker 0], Shutdown completed (kafka.network.SocketServer)
[2017-11-02 18:27:26,277] INFO [Kafka Request Handler on Broker 0], shutting down (kafka.server.KafkaRequestHandlerPool)
[2017-11-02 18:27:26,279] INFO [Kafka Request Handler on Broker 0], shut down completely (kafka.server.KafkaRequestHandlerPool)
[2017-11-02 18:27:26,283] INFO [ThrottledRequestReaper-Produce], Shutting down (kafka.server.ClientQuotaManager$ThrottledRequestReaper)
[2017-11-02 18:27:26,729] INFO [ThrottledRequestReaper-Produce], Stopped  (kafka.server.ClientQuotaManager$ThrottledRequestReaper)
[2017-11-02 18:27:26,729] INFO [ThrottledRequestReaper-Produce], Shutdown completed (kafka.server.ClientQuotaManager$ThrottledRequestReaper)
[2017-11-02 18:27:26,730] INFO [ThrottledRequestReaper-Fetch], Shutting down (kafka.server.ClientQuotaManager$ThrottledRequestReaper)
[2017-11-02 18:27:26,733] INFO [ThrottledRequestReaper-Fetch], Stopped  (kafka.server.ClientQuotaManager$ThrottledRequestReaper)
[2017-11-02 18:27:26,733] INFO [ThrottledRequestReaper-Fetch], Shutdown completed (kafka.server.ClientQuotaManager$ThrottledRequestReaper)
[2017-11-02 18:27:26,734] INFO [KafkaApi-0] Shutdown complete. (kafka.server.KafkaApis)
[2017-11-02 18:27:26,736] INFO [Replica Manager on Broker 0]: Shutting down (kafka.server.ReplicaManager)
[2017-11-02 18:27:26,737] INFO [ReplicaFetcherManager on broker 0] shutting down (kafka.server.ReplicaFetcherManager)
[2017-11-02 18:27:26,738] INFO [ReplicaFetcherManager on broker 0] shutdown completed (kafka.server.ReplicaFetcherManager)
[2017-11-02 18:27:26,739] INFO [ExpirationReaper-0], Shutting down (kafka.server.DelayedOperationPurgatory$ExpiredOperationReaper)
[2017-11-02 18:27:26,845] INFO [ExpirationReaper-0], Stopped  (kafka.server.DelayedOperationPurgatory$ExpiredOperationReaper)
[2017-11-02 18:27:26,850] INFO [ExpirationReaper-0], Shutdown completed (kafka.server.DelayedOperationPurgatory$ExpiredOperationReaper)
[2017-11-02 18:27:26,850] INFO [ExpirationReaper-0], Shutting down (kafka.server.DelayedOperationPurgatory$ExpiredOperationReaper)
[2017-11-02 18:27:26,990] INFO [ExpirationReaper-0], Stopped  (kafka.server.DelayedOperationPurgatory$ExpiredOperationReaper)
[2017-11-02 18:27:26,990] INFO [ExpirationReaper-0], Shutdown completed (kafka.server.DelayedOperationPurgatory$ExpiredOperationReaper)
[2017-11-02 18:27:26,992] INFO [Replica Manager on Broker 0]: Shut down completely (kafka.server.ReplicaManager)
[2017-11-02 18:27:26,992] INFO Shutting down. (kafka.log.LogManager)
[2017-11-02 18:27:27,052] INFO Shutdown complete. (kafka.log.LogManager)
[2017-11-02 18:27:27,054] INFO [GroupCoordinator 0]: Shutting down. (kafka.coordinator.GroupCoordinator)
[2017-11-02 18:27:27,055] INFO [ExpirationReaper-0], Shutting down (kafka.server.DelayedOperationPurgatory$ExpiredOperationReaper)
[2017-11-02 18:27:27,102] INFO [ExpirationReaper-0], Stopped  (kafka.server.DelayedOperationPurgatory$ExpiredOperationReaper)
[2017-11-02 18:27:27,102] INFO [ExpirationReaper-0], Shutdown completed (kafka.server.DelayedOperationPurgatory$ExpiredOperationReaper)
[2017-11-02 18:27:27,102] INFO [ExpirationReaper-0], Shutting down (kafka.server.DelayedOperationPurgatory$ExpiredOperationReaper)
[2017-11-02 18:27:27,147] INFO [ExpirationReaper-0], Stopped  (kafka.server.DelayedOperationPurgatory$ExpiredOperationReaper)
[2017-11-02 18:27:27,147] INFO [ExpirationReaper-0], Shutdown completed (kafka.server.DelayedOperationPurgatory$ExpiredOperationReaper)
[2017-11-02 18:27:27,149] INFO [GroupCoordinator 0]: Shutdown complete. (kafka.coordinator.GroupCoordinator)
[2017-11-02 18:27:27,166] INFO Terminate ZkClient event thread. (org.I0Itec.zkclient.ZkEventThread)
[2017-11-02 18:27:27,188] INFO [Kafka Server 0], shut down completed (kafka.server.KafkaServer)
